{"/Users/choebohyeon/NodeStudy/Lecture/ch.09/middlewares/index.js": {"path":"/Users/choebohyeon/NodeStudy/Lecture/ch.09/middlewares/index.js","statementMap":{"0":{"start":{"line":1,"column":0},"end":{"line":7,"column":4}},"1":{"start":{"line":2,"column":4},"end":{"line":6,"column":5}},"2":{"start":{"line":3,"column":6},"end":{"line":3,"column":13}},"3":{"start":{"line":5,"column":6},"end":{"line":5,"column":37}},"4":{"start":{"line":9,"column":2},"end":{"line":16,"column":4}},"5":{"start":{"line":10,"column":4},"end":{"line":15,"column":5}},"6":{"start":{"line":11,"column":6},"end":{"line":11,"column":13}},"7":{"start":{"line":13,"column":22},"end":{"line":13,"column":55}},"8":{"start":{"line":14,"column":6},"end":{"line":14,"column":41}}},"fnMap":{"0":{"name":"(anonymous_0)","decl":{"start":{"line":1,"column":21},"end":{"line":1,"column":22}},"loc":{"start":{"line":1,"column":41},"end":{"line":7,"column":3}},"line":1},"1":{"name":"(anonymous_1)","decl":{"start":{"line":9,"column":26},"end":{"line":9,"column":27}},"loc":{"start":{"line":9,"column":46},"end":{"line":16,"column":3}},"line":9}},"branchMap":{"0":{"loc":{"start":{"line":2,"column":4},"end":{"line":6,"column":5}},"type":"if","locations":[{"start":{"line":2,"column":4},"end":{"line":6,"column":5}},{"start":{"line":4,"column":11},"end":{"line":6,"column":5}}],"line":2},"1":{"loc":{"start":{"line":10,"column":4},"end":{"line":15,"column":5}},"type":"if","locations":[{"start":{"line":10,"column":4},"end":{"line":15,"column":5}},{"start":{"line":12,"column":11},"end":{"line":15,"column":5}}],"line":10}},"s":{"0":1,"1":2,"2":1,"3":1,"4":1,"5":2,"6":1,"7":1,"8":1},"f":{"0":2,"1":2},"b":{"0":[1,1],"1":[1,1]},"_coverageSchema":"1a1c01bbd47fc00a2c39e90264f33305004495a9","hash":"385d663135aee421a3751250de906ae76dc4bbc9"}
,"/Users/choebohyeon/NodeStudy/Lecture/ch.09/models/user.js": {"path":"/Users/choebohyeon/NodeStudy/Lecture/ch.09/models/user.js","statementMap":{"0":{"start":{"line":1,"column":18},"end":{"line":1,"column":38}},"1":{"start":{"line":5,"column":4},"end":{"line":37,"column":7}},"2":{"start":{"line":41,"column":4},"end":{"line":41,"column":29}},"3":{"start":{"line":42,"column":4},"end":{"line":46,"column":7}},"4":{"start":{"line":47,"column":4},"end":{"line":51,"column":7}},"5":{"start":{"line":55,"column":0},"end":{"line":55,"column":22}}},"fnMap":{"0":{"name":"(anonymous_0)","decl":{"start":{"line":4,"column":2},"end":{"line":4,"column":3}},"loc":{"start":{"line":4,"column":29},"end":{"line":38,"column":3}},"line":4},"1":{"name":"(anonymous_1)","decl":{"start":{"line":40,"column":2},"end":{"line":40,"column":3}},"loc":{"start":{"line":40,"column":23},"end":{"line":52,"column":3}},"line":40}},"branchMap":{},"s":{"0":2,"1":1,"2":1,"3":1,"4":1,"5":2},"f":{"0":1,"1":1},"b":{},"_coverageSchema":"1a1c01bbd47fc00a2c39e90264f33305004495a9","hash":"9d15c287372a465fa1b5f6a3263754c008729410"}
,"/Users/choebohyeon/NodeStudy/Lecture/ch.09/services/user.js": {"path":"/Users/choebohyeon/NodeStudy/Lecture/ch.09/services/user.js","statementMap":{"0":{"start":{"line":1,"column":13},"end":{"line":1,"column":38}},"1":{"start":{"line":3,"column":0},"end":{"line":11,"column":1}},"2":{"start":{"line":4,"column":13},"end":{"line":4,"column":58}},"3":{"start":{"line":5,"column":0},"end":{"line":10,"column":3}},"4":{"start":{"line":6,"column":4},"end":{"line":6,"column":55}},"5":{"start":{"line":7,"column":4},"end":{"line":7,"column":16}},"6":{"start":{"line":9,"column":4},"end":{"line":9,"column":21}}},"fnMap":{"0":{"name":"(anonymous_0)","decl":{"start":{"line":3,"column":17},"end":{"line":3,"column":18}},"loc":{"start":{"line":3,"column":48},"end":{"line":11,"column":1}},"line":3}},"branchMap":{"0":{"loc":{"start":{"line":5,"column":0},"end":{"line":10,"column":3}},"type":"if","locations":[{"start":{"line":5,"column":0},"end":{"line":10,"column":3}},{"start":{"line":8,"column":9},"end":{"line":10,"column":3}}],"line":5}},"s":{"0":1,"1":1,"2":3,"3":2,"4":1,"5":1,"6":1},"f":{"0":3},"b":{"0":[1,1]},"_coverageSchema":"1a1c01bbd47fc00a2c39e90264f33305004495a9","hash":"4afa580429d2c9de8e68bf0ad061286420aeec3c"}
}
